<?xml version="1.0" encoding="UTF-8"?>
<testsuite name="A new user account can be created if a proper unused username and password are given" tests="4" skipped="0" failures="2" errors="0" timestamp="2020-11-03T19:41:37" hostname="DESKTOP-LNGDGUC" time="0.124">
  <properties/>
  <testcase name="creation is successful with valid username and password" classname="A new user account can be created if a proper unused username and password are given" time="0.034"/>
  <testcase name="creation fails with too short username and valid password" classname="A new user account can be created if a proper unused username and password are given" time="0.031"/>
  <testcase name="creation fails with correct username and too short password" classname="A new user account can be created if a proper unused username and password are given" time="0.029">
    <failure message="java.lang.AssertionError" type="java.lang.AssertionError">java.lang.AssertionError
	at org.junit.Assert.fail(Assert.java:87)
	at org.junit.Assert.assertTrue(Assert.java:42)
	at org.junit.Assert.assertTrue(Assert.java:53)
	at ohtu.Stepdefs.pageHasContent(Stepdefs.java:239)
	at ohtu.Stepdefs.userIsNotCreatedAndErrorIsReported(Stepdefs.java:206)
	at ✽.user is not created and error &quot;password should have at least 8 characters&quot; is reported(file:///C:/Users/Jani/ohtu-tehtavat/viikko3/WebLogin/src/test/resources/ohtu/new_user.feature:16)
</failure>
  </testcase>
  <testcase name="creation fails when password and password confirmation do not match" classname="A new user account can be created if a proper unused username and password are given" time="0.03">
    <failure message="java.lang.AssertionError" type="java.lang.AssertionError">java.lang.AssertionError
	at org.junit.Assert.fail(Assert.java:87)
	at org.junit.Assert.assertTrue(Assert.java:42)
	at org.junit.Assert.assertTrue(Assert.java:53)
	at ohtu.Stepdefs.pageHasContent(Stepdefs.java:239)
	at ohtu.Stepdefs.userIsNotCreatedAndErrorIsReported(Stepdefs.java:206)
	at ✽.user is not created and error &quot;password and password confirmation do not match&quot; is reported(file:///C:/Users/Jani/ohtu-tehtavat/viikko3/WebLogin/src/test/resources/ohtu/new_user.feature:21)
</failure>
  </testcase>
  <system-out><![CDATA[
Scenario: creation is successful with valid username and password                                       ?[90m# src/test/resources/ohtu/new_user.feature:3?[0m
  ?[32mGiven ?[0m?[32mcommand new user is selected?[0m                                                                    ?[90m# ohtu.Stepdefs.newUserIsSelected()?[0m
  ?[32mWhen ?[0m?[32ma valid username ?[0m?[32m?[1m"liisa"?[0m?[32m and password ?[0m?[32m?[1m"salainen1"?[0m?[32m and matching password confirmation are entered?[0m ?[90m# ohtu.Stepdefs.aValidUsernameAndPasswordAndMatchingPasswordConfirmationAreEntered(java.lang.String,java.lang.String)?[0m
  ?[32mThen ?[0m?[32ma new user is created?[0m                                                                            ?[90m# ohtu.Stepdefs.aNewUserIsCreated()?[0m

Scenario: creation fails with too short username and valid password                                      ?[90m# src/test/resources/ohtu/new_user.feature:8?[0m
  ?[32mGiven ?[0m?[32mcommand new user is selected?[0m                                                                     ?[90m# ohtu.Stepdefs.newUserIsSelected()?[0m
  ?[32mWhen ?[0m?[32ma too short username ?[0m?[32m?[1m"aa"?[0m?[32m and password ?[0m?[32m?[1m"salainen1"?[0m?[32m and matching password confirmation are entered?[0m ?[90m# ohtu.Stepdefs.aTooShortUsernameAndPasswordAndMatchingPasswordConfirmationAreEntered(java.lang.String,java.lang.String)?[0m
  ?[32mThen ?[0m?[32muser is not created and error ?[0m?[32m?[1m"username should have at least 3 characters"?[0m?[32m is reported?[0m            ?[90m# ohtu.Stepdefs.userIsNotCreatedAndErrorIsReported(java.lang.String)?[0m

Scenario: creation fails with correct username and too short password                                      ?[90m# src/test/resources/ohtu/new_user.feature:13?[0m
  ?[32mGiven ?[0m?[32mcommand new user is selected?[0m                                                                       ?[90m# ohtu.Stepdefs.newUserIsSelected()?[0m
  ?[32mWhen ?[0m?[32ma valid username ?[0m?[32m?[1m"liisa"?[0m?[32m and too short password ?[0m?[32m?[1m"aa"?[0m?[32m and matching password confirmation are entered?[0m ?[90m# ohtu.Stepdefs.aValidUsernameAndTooShortPasswordAndMatchingPasswordConfirmationAreEntered(java.lang.String,java.lang.String)?[0m
  ?[31mThen ?[0m?[31muser is not created and error ?[0m?[31m?[1m"password should have at least 8 characters"?[0m?[31m is reported?[0m              ?[90m# ohtu.Stepdefs.userIsNotCreatedAndErrorIsReported(java.lang.String)?[0m
      ?[31mjava.lang.AssertionError
	at org.junit.Assert.fail(Assert.java:87)
	at org.junit.Assert.assertTrue(Assert.java:42)
	at org.junit.Assert.assertTrue(Assert.java:53)
	at ohtu.Stepdefs.pageHasContent(Stepdefs.java:239)
	at ohtu.Stepdefs.userIsNotCreatedAndErrorIsReported(Stepdefs.java:206)
	at âœ½.user is not created and error "password should have at least 8 characters" is reported(file:///C:/Users/Jani/ohtu-tehtavat/viikko3/WebLogin/src/test/resources/ohtu/new_user.feature:16)
?[0m

Scenario: creation fails when password and password confirmation do not match                                         ?[90m# src/test/resources/ohtu/new_user.feature:18?[0m
  ?[32mGiven ?[0m?[32mcommand new user is selected?[0m                                                                                  ?[90m# ohtu.Stepdefs.newUserIsSelected()?[0m
  ?[32mWhen ?[0m?[32ma valid username ?[0m?[32m?[1m"liisa"?[0m?[32m and password ?[0m?[32m?[1m"salainen1"?[0m?[32m and non-matcing password confimation ?[0m?[32m?[1m"salainen2"?[0m?[32m are entered?[0m ?[90m# ohtu.Stepdefs.aValidUsernameAndPasswordAndNonMatcingPasswordConfimationAreEntered(java.lang.String,java.lang.String,java.lang.String)?[0m
  ?[31mThen ?[0m?[31muser is not created and error ?[0m?[31m?[1m"password and password confirmation do not match"?[0m?[31m is reported?[0m                    ?[90m# ohtu.Stepdefs.userIsNotCreatedAndErrorIsReported(java.lang.String)?[0m
      ?[31mjava.lang.AssertionError
	at org.junit.Assert.fail(Assert.java:87)
	at org.junit.Assert.assertTrue(Assert.java:42)
	at org.junit.Assert.assertTrue(Assert.java:53)
	at ohtu.Stepdefs.pageHasContent(Stepdefs.java:239)
	at ohtu.Stepdefs.userIsNotCreatedAndErrorIsReported(Stepdefs.java:206)
	at âœ½.user is not created and error "password and password confirmation do not match" is reported(file:///C:/Users/Jani/ohtu-tehtavat/viikko3/WebLogin/src/test/resources/ohtu/new_user.feature:21)
?[0m
]]></system-out>
  <system-err><![CDATA[]]></system-err>
</testsuite>
