<!DOCTYPE html>
<html>
<head>
<meta http-equiv="Content-Type" content="text/html; charset=utf-8"/>
<meta http-equiv="x-ua-compatible" content="IE=edge"/>
<title>Test results - Class A new user account can be created if a proper unused username and password are given</title>
<link href="../css/base-style.css" rel="stylesheet" type="text/css"/>
<link href="../css/style.css" rel="stylesheet" type="text/css"/>
<script src="../js/report.js" type="text/javascript"></script>
</head>
<body>
<div id="content">
<h1>Class A new user account can be created if a proper unused username and password are given</h1>
<div class="breadcrumbs">
<a href="../index.html">all</a> &gt; 
<a href="../packages/default-package.html">default-package</a> &gt; A new user account can be created if a proper unused username and password are given</div>
<div id="summary">
<table>
<tr>
<td>
<div class="summaryGroup">
<table>
<tr>
<td>
<div class="infoBox" id="tests">
<div class="counter">4</div>
<p>tests</p>
</div>
</td>
<td>
<div class="infoBox" id="failures">
<div class="counter">2</div>
<p>failures</p>
</div>
</td>
<td>
<div class="infoBox" id="ignored">
<div class="counter">0</div>
<p>ignored</p>
</div>
</td>
<td>
<div class="infoBox" id="duration">
<div class="counter">0.124s</div>
<p>duration</p>
</div>
</td>
</tr>
</table>
</div>
</td>
<td>
<div class="infoBox failures" id="successRate">
<div class="percent">50%</div>
<p>successful</p>
</div>
</td>
</tr>
</table>
</div>
<div id="tabs">
<ul class="tabLinks">
<li>
<a href="#tab0">Failed tests</a>
</li>
<li>
<a href="#tab1">Tests</a>
</li>
<li>
<a href="#tab2">Standard output</a>
</li>
</ul>
<div id="tab0" class="tab">
<h2>Failed tests</h2>
<div class="test">
<a name="creation fails when password and password confirmation do not match"></a>
<h3 class="failures">creation fails when password and password confirmation do not match</h3>
<span class="code">
<pre>java.lang.AssertionError
	at org.junit.Assert.fail(Assert.java:87)
	at org.junit.Assert.assertTrue(Assert.java:42)
	at org.junit.Assert.assertTrue(Assert.java:53)
	at ohtu.Stepdefs.pageHasContent(Stepdefs.java:239)
	at ohtu.Stepdefs.userIsNotCreatedAndErrorIsReported(Stepdefs.java:206)
	at ✽.user is not created and error &quot;password and password confirmation do not match&quot; is reported(file:///C:/Users/Jani/ohtu-tehtavat/viikko3/WebLogin/src/test/resources/ohtu/new_user.feature:21)
</pre>
</span>
</div>
<div class="test">
<a name="creation fails with correct username and too short password"></a>
<h3 class="failures">creation fails with correct username and too short password</h3>
<span class="code">
<pre>java.lang.AssertionError
	at org.junit.Assert.fail(Assert.java:87)
	at org.junit.Assert.assertTrue(Assert.java:42)
	at org.junit.Assert.assertTrue(Assert.java:53)
	at ohtu.Stepdefs.pageHasContent(Stepdefs.java:239)
	at ohtu.Stepdefs.userIsNotCreatedAndErrorIsReported(Stepdefs.java:206)
	at ✽.user is not created and error &quot;password should have at least 8 characters&quot; is reported(file:///C:/Users/Jani/ohtu-tehtavat/viikko3/WebLogin/src/test/resources/ohtu/new_user.feature:16)
</pre>
</span>
</div>
</div>
<div id="tab1" class="tab">
<h2>Tests</h2>
<table>
<thead>
<tr>
<th>Test</th>
<th>Duration</th>
<th>Result</th>
</tr>
</thead>
<tr>
<td class="failures">creation fails when password and password confirmation do not match</td>
<td class="failures">0.030s</td>
<td class="failures">failed</td>
</tr>
<tr>
<td class="failures">creation fails with correct username and too short password</td>
<td class="failures">0.029s</td>
<td class="failures">failed</td>
</tr>
<tr>
<td class="success">creation fails with too short username and valid password</td>
<td class="success">0.031s</td>
<td class="success">passed</td>
</tr>
<tr>
<td class="success">creation is successful with valid username and password</td>
<td class="success">0.034s</td>
<td class="success">passed</td>
</tr>
</table>
</div>
<div id="tab2" class="tab">
<h2>Standard output</h2>
<span class="code">
<pre>
Scenario: creation is successful with valid username and password                                       ?[90m# src/test/resources/ohtu/new_user.feature:3?[0m
  ?[32mGiven ?[0m?[32mcommand new user is selected?[0m                                                                    ?[90m# ohtu.Stepdefs.newUserIsSelected()?[0m
  ?[32mWhen ?[0m?[32ma valid username ?[0m?[32m?[1m&quot;liisa&quot;?[0m?[32m and password ?[0m?[32m?[1m&quot;salainen1&quot;?[0m?[32m and matching password confirmation are entered?[0m ?[90m# ohtu.Stepdefs.aValidUsernameAndPasswordAndMatchingPasswordConfirmationAreEntered(java.lang.String,java.lang.String)?[0m
  ?[32mThen ?[0m?[32ma new user is created?[0m                                                                            ?[90m# ohtu.Stepdefs.aNewUserIsCreated()?[0m

Scenario: creation fails with too short username and valid password                                      ?[90m# src/test/resources/ohtu/new_user.feature:8?[0m
  ?[32mGiven ?[0m?[32mcommand new user is selected?[0m                                                                     ?[90m# ohtu.Stepdefs.newUserIsSelected()?[0m
  ?[32mWhen ?[0m?[32ma too short username ?[0m?[32m?[1m&quot;aa&quot;?[0m?[32m and password ?[0m?[32m?[1m&quot;salainen1&quot;?[0m?[32m and matching password confirmation are entered?[0m ?[90m# ohtu.Stepdefs.aTooShortUsernameAndPasswordAndMatchingPasswordConfirmationAreEntered(java.lang.String,java.lang.String)?[0m
  ?[32mThen ?[0m?[32muser is not created and error ?[0m?[32m?[1m&quot;username should have at least 3 characters&quot;?[0m?[32m is reported?[0m            ?[90m# ohtu.Stepdefs.userIsNotCreatedAndErrorIsReported(java.lang.String)?[0m

Scenario: creation fails with correct username and too short password                                      ?[90m# src/test/resources/ohtu/new_user.feature:13?[0m
  ?[32mGiven ?[0m?[32mcommand new user is selected?[0m                                                                       ?[90m# ohtu.Stepdefs.newUserIsSelected()?[0m
  ?[32mWhen ?[0m?[32ma valid username ?[0m?[32m?[1m&quot;liisa&quot;?[0m?[32m and too short password ?[0m?[32m?[1m&quot;aa&quot;?[0m?[32m and matching password confirmation are entered?[0m ?[90m# ohtu.Stepdefs.aValidUsernameAndTooShortPasswordAndMatchingPasswordConfirmationAreEntered(java.lang.String,java.lang.String)?[0m
  ?[31mThen ?[0m?[31muser is not created and error ?[0m?[31m?[1m&quot;password should have at least 8 characters&quot;?[0m?[31m is reported?[0m              ?[90m# ohtu.Stepdefs.userIsNotCreatedAndErrorIsReported(java.lang.String)?[0m
      ?[31mjava.lang.AssertionError
	at org.junit.Assert.fail(Assert.java:87)
	at org.junit.Assert.assertTrue(Assert.java:42)
	at org.junit.Assert.assertTrue(Assert.java:53)
	at ohtu.Stepdefs.pageHasContent(Stepdefs.java:239)
	at ohtu.Stepdefs.userIsNotCreatedAndErrorIsReported(Stepdefs.java:206)
	at âœ½.user is not created and error &quot;password should have at least 8 characters&quot; is reported(file:///C:/Users/Jani/ohtu-tehtavat/viikko3/WebLogin/src/test/resources/ohtu/new_user.feature:16)
?[0m

Scenario: creation fails when password and password confirmation do not match                                         ?[90m# src/test/resources/ohtu/new_user.feature:18?[0m
  ?[32mGiven ?[0m?[32mcommand new user is selected?[0m                                                                                  ?[90m# ohtu.Stepdefs.newUserIsSelected()?[0m
  ?[32mWhen ?[0m?[32ma valid username ?[0m?[32m?[1m&quot;liisa&quot;?[0m?[32m and password ?[0m?[32m?[1m&quot;salainen1&quot;?[0m?[32m and non-matcing password confimation ?[0m?[32m?[1m&quot;salainen2&quot;?[0m?[32m are entered?[0m ?[90m# ohtu.Stepdefs.aValidUsernameAndPasswordAndNonMatcingPasswordConfimationAreEntered(java.lang.String,java.lang.String,java.lang.String)?[0m
  ?[31mThen ?[0m?[31muser is not created and error ?[0m?[31m?[1m&quot;password and password confirmation do not match&quot;?[0m?[31m is reported?[0m                    ?[90m# ohtu.Stepdefs.userIsNotCreatedAndErrorIsReported(java.lang.String)?[0m
      ?[31mjava.lang.AssertionError
	at org.junit.Assert.fail(Assert.java:87)
	at org.junit.Assert.assertTrue(Assert.java:42)
	at org.junit.Assert.assertTrue(Assert.java:53)
	at ohtu.Stepdefs.pageHasContent(Stepdefs.java:239)
	at ohtu.Stepdefs.userIsNotCreatedAndErrorIsReported(Stepdefs.java:206)
	at âœ½.user is not created and error &quot;password and password confirmation do not match&quot; is reported(file:///C:/Users/Jani/ohtu-tehtavat/viikko3/WebLogin/src/test/resources/ohtu/new_user.feature:21)
?[0m
</pre>
</span>
</div>
</div>
<div id="footer">
<p>
<div>
<label class="hidden" id="label-for-line-wrapping-toggle" for="line-wrapping-toggle">Wrap lines
<input id="line-wrapping-toggle" type="checkbox" autocomplete="off"/>
</label>
</div>Generated by 
<a href="http://www.gradle.org">Gradle 6.7</a> at 3 Nov 2020, 21:41:37</p>
</div>
</div>
</body>
</html>
